2023-08-15 09:23:18,740 [1] INFO  Quectel.Agv.Repository.SqlSugar.DbContext - select Name from sqlite_master where type='table' and name<>'sqlite_sequence' order by name;
{}
2023-08-15 09:23:18,874 [1] INFO  Quectel.Agv.Repository.SqlSugar.DbContext - select Name from sqlite_master where type='table' and name<>'sqlite_sequence' order by name;
{}
2023-08-15 09:23:18,879 [1] INFO  Quectel.Agv.Repository.SqlSugar.DbContext - select Name from sqlite_master where type='table' and name<>'sqlite_sequence' order by name;
{}
2023-08-15 09:23:18,885 [1] INFO  Quectel.Agv.Repository.SqlSugar.DbContext - select Name from sqlite_master where type='table' and name<>'sqlite_sequence' order by name;
{}
2023-08-15 09:23:18,890 [1] INFO  Quectel.Agv.Repository.SqlSugar.DbContext - select Name from sqlite_master where type='table' and name<>'sqlite_sequence' order by name;
{}
2023-08-15 09:23:18,894 [1] INFO  Quectel.Agv.Repository.SqlSugar.DbContext - select Name from sqlite_master where type='table' and name<>'sqlite_sequence' order by name;
{}
2023-08-15 09:23:18,908 [1] INFO  Quectel.Agv.App - 进入系统!
2023-08-15 09:23:19,047 [1] INFO  Quectel.Agv.Service.UserInfoService - select Name from sqlite_master where type='table' and name<>'sqlite_sequence' order by name;
{}
2023-08-15 17:11:31,800 [1] INFO  Quectel.Agv.Repository.SqlSugar.DbContext - select Name from sqlite_master where type='table' and name<>'sqlite_sequence' order by name;
{}
2023-08-15 17:11:31,900 [1] INFO  Quectel.Agv.Repository.SqlSugar.DbContext - ALTER TABLE `Sys_UserInfo` ADD COLUMN `Remarks` varchar(255)
{}
2023-08-15 17:11:32,012 [1] INFO  Quectel.Agv.Repository.SqlSugar.DbContext - select Name from sqlite_master where type='table' and name<>'sqlite_sequence' order by name;
{}
2023-08-15 17:11:32,014 [1] INFO  Quectel.Agv.Repository.SqlSugar.DbContext - ALTER TABLE `VisionInspection_Config` ADD COLUMN `Remarks` varchar(255)
{}
2023-08-15 17:11:32,058 [1] INFO  Quectel.Agv.Repository.SqlSugar.DbContext - select Name from sqlite_master where type='table' and name<>'sqlite_sequence' order by name;
{}
2023-08-15 17:11:32,060 [1] INFO  Quectel.Agv.Repository.SqlSugar.DbContext - ALTER TABLE `VisionInspection_ControlCenter` ADD COLUMN `Remarks` varchar(255)
{}
2023-08-15 17:11:32,104 [1] INFO  Quectel.Agv.Repository.SqlSugar.DbContext - select Name from sqlite_master where type='table' and name<>'sqlite_sequence' order by name;
{}
2023-08-15 17:11:32,109 [1] INFO  Quectel.Agv.Repository.SqlSugar.DbContext - CREATE TABLE "VisionInspection_Location"(
"Id" integer NOT NULL PRIMARY KEY AUTOINCREMENT,
"X" real NOT NULL  ,
"Y" real NOT NULL  ,
"Z" real NOT NULL  ,
"RZ" real NOT NULL  ,
"AdapterType" varchar(255) NULL  ,
"Type" varchar(255) NULL  ,
"IsUsed" bit NOT NULL  ,
"CreateBy" varchar(255) NULL  ,
"CreateTime" datetime NOT NULL  ,
"ModifyBy" varchar(255) NULL  ,
"ModifyTime" datetime NULL  ,
"IsDeleted" bit NOT NULL  ,
"Remarks" varchar(255) NULL    )
{}
2023-08-15 17:11:32,160 [1] INFO  Quectel.Agv.Repository.SqlSugar.DbContext - select Name from sqlite_master where type='table' and name<>'sqlite_sequence' order by name;
{}
2023-08-15 17:11:32,161 [1] INFO  Quectel.Agv.Repository.SqlSugar.DbContext - CREATE TABLE "VisionInspection_Mechanism"(
"Id" integer NOT NULL PRIMARY KEY AUTOINCREMENT,
"Columns" integer NOT NULL  ,
"Rows" integer NOT NULL  ,
"X" real NOT NULL  ,
"Y" real NOT NULL  ,
"Z" real NOT NULL  ,
"RZ" real NOT NULL  ,
"SpacingX" real NOT NULL  ,
"SpacingY" real NOT NULL  ,
"Type" varchar(255) NULL  ,
"ModelType" varchar(255) NULL  ,
"IsUsed" bit NOT NULL  ,
"CreateBy" varchar(255) NULL  ,
"CreateTime" datetime NOT NULL  ,
"ModifyBy" varchar(255) NULL  ,
"ModifyTime" datetime NULL  ,
"IsDeleted" bit NOT NULL  ,
"Remarks" varchar(255) NULL    )
{}
2023-08-15 17:11:32,194 [1] INFO  Quectel.Agv.Repository.SqlSugar.DbContext - select Name from sqlite_master where type='table' and name<>'sqlite_sequence' order by name;
{}
2023-08-15 17:12:26,599 [1] INFO  Quectel.Agv.Repository.SqlSugar.DbContext - select Name from sqlite_master where type='table' and name<>'sqlite_sequence' order by name;
{}
2023-08-15 17:12:26,641 [1] INFO  Quectel.Agv.Repository.SqlSugar.DbContext - CREATE TABLE "Sys_UserInfo"(
"Id" integer NOT NULL PRIMARY KEY AUTOINCREMENT,
"LoginName" varchar(255) NULL  ,
"PassWord" varchar(255) NULL  ,
"UserName" varchar(255) NULL  ,
"Email" varchar(255) NULL  ,
"PhoneNum" varchar(255) NULL  ,
"BirthDate" datetime NULL  ,
"Post" varchar(255) NULL  ,
"DeptID" bigint NULL  ,
"RoleIds" varchar(255) NULL  ,
"ErrorCount" integer NULL  ,
"LockTime" datetime NULL  ,
"CreateBy" varchar(255) NULL  ,
"CreateTime" datetime NOT NULL  ,
"ModifyBy" varchar(255) NULL  ,
"ModifyTime" datetime NULL  ,
"IsDeleted" bit NOT NULL  ,
"Remarks" varchar(255) NULL    )
{}
2023-08-15 17:12:26,716 [1] INFO  Quectel.Agv.Repository.SqlSugar.DbContext - select Name from sqlite_master where type='table' and name<>'sqlite_sequence' order by name;
{}
2023-08-15 17:12:26,763 [1] INFO  Quectel.Agv.Repository.SqlSugar.DbContext - CREATE TABLE "VisionInspection_Config"(
"Id" integer NOT NULL PRIMARY KEY AUTOINCREMENT,
"Key" varchar(255) NULL  ,
"Value" varchar(255) NULL  ,
"CreateBy" varchar(255) NULL  ,
"CreateTime" datetime NOT NULL  ,
"ModifyBy" varchar(255) NULL  ,
"ModifyTime" datetime NULL  ,
"IsDeleted" bit NOT NULL  ,
"Remarks" varchar(255) NULL    )
{}
2023-08-15 17:12:26,808 [1] INFO  Quectel.Agv.Repository.SqlSugar.DbContext - select Name from sqlite_master where type='table' and name<>'sqlite_sequence' order by name;
{}
2023-08-15 17:12:26,809 [1] INFO  Quectel.Agv.Repository.SqlSugar.DbContext - CREATE TABLE "VisionInspection_ControlCenter"(
"Id" integer NOT NULL PRIMARY KEY AUTOINCREMENT,
"Ip" varchar(255) NULL  ,
"Port" integer NOT NULL  ,
"IsRunning" bit NOT NULL  ,
"CreateBy" varchar(255) NULL  ,
"CreateTime" datetime NOT NULL  ,
"ModifyBy" varchar(255) NULL  ,
"ModifyTime" datetime NULL  ,
"IsDeleted" bit NOT NULL  ,
"Remarks" varchar(255) NULL    )
{}
2023-08-15 17:12:26,851 [1] INFO  Quectel.Agv.Repository.SqlSugar.DbContext - select Name from sqlite_master where type='table' and name<>'sqlite_sequence' order by name;
{}
2023-08-15 17:12:26,852 [1] INFO  Quectel.Agv.Repository.SqlSugar.DbContext - CREATE TABLE "VisionInspection_Location"(
"Id" integer NOT NULL PRIMARY KEY AUTOINCREMENT,
"X" real NOT NULL  ,
"Y" real NOT NULL  ,
"Z" real NOT NULL  ,
"RZ" real NOT NULL  ,
"AdapterType" varchar(255) NULL  ,
"Type" varchar(255) NULL  ,
"IsUsed" bit NOT NULL  ,
"CreateBy" varchar(255) NULL  ,
"CreateTime" datetime NOT NULL  ,
"ModifyBy" varchar(255) NULL  ,
"ModifyTime" datetime NULL  ,
"IsDeleted" bit NOT NULL  ,
"Remarks" varchar(255) NULL    )
{}
2023-08-15 17:12:26,897 [1] INFO  Quectel.Agv.Repository.SqlSugar.DbContext - select Name from sqlite_master where type='table' and name<>'sqlite_sequence' order by name;
{}
2023-08-15 17:12:26,898 [1] INFO  Quectel.Agv.Repository.SqlSugar.DbContext - CREATE TABLE "VisionInspection_Mechanism"(
"Id" integer NOT NULL PRIMARY KEY AUTOINCREMENT,
"Columns" integer NOT NULL  ,
"Rows" integer NOT NULL  ,
"X" real NOT NULL  ,
"Y" real NOT NULL  ,
"Z" real NOT NULL  ,
"RZ" real NOT NULL  ,
"SpacingX" real NOT NULL  ,
"SpacingY" real NOT NULL  ,
"Type" varchar(255) NULL  ,
"ModelType" varchar(255) NULL  ,
"IsUsed" bit NOT NULL  ,
"CreateBy" varchar(255) NULL  ,
"CreateTime" datetime NOT NULL  ,
"ModifyBy" varchar(255) NULL  ,
"ModifyTime" datetime NULL  ,
"IsDeleted" bit NOT NULL  ,
"Remarks" varchar(255) NULL    )
{}
2023-08-15 17:12:26,942 [1] INFO  Quectel.Agv.Repository.SqlSugar.DbContext - select Name from sqlite_master where type='table' and name<>'sqlite_sequence' order by name;
{}
2023-08-15 17:14:40,180 [1] INFO  Quectel.Agv.Repository.SqlSugar.DbContext - select Name from sqlite_master where type='table' and name<>'sqlite_sequence' order by name;
{}
2023-08-15 17:14:40,376 [1] INFO  Quectel.Agv.Repository.SqlSugar.DbContext - select Name from sqlite_master where type='table' and name<>'sqlite_sequence' order by name;
{}
2023-08-15 17:14:40,382 [1] INFO  Quectel.Agv.Repository.SqlSugar.DbContext - select Name from sqlite_master where type='table' and name<>'sqlite_sequence' order by name;
{}
2023-08-15 17:14:40,387 [1] INFO  Quectel.Agv.Repository.SqlSugar.DbContext - select Name from sqlite_master where type='table' and name<>'sqlite_sequence' order by name;
{}
2023-08-15 17:14:40,397 [1] INFO  Quectel.Agv.Repository.SqlSugar.DbContext - select Name from sqlite_master where type='table' and name<>'sqlite_sequence' order by name;
{}
2023-08-15 17:14:40,406 [1] INFO  Quectel.Agv.Repository.SqlSugar.DbContext - select Name from sqlite_master where type='table' and name<>'sqlite_sequence' order by name;
{}
2023-08-15 17:14:40,415 [1] INFO  Quectel.Agv.Repository.SqlSugar.DbContext - CREATE TABLE "VisionInspection_Model"(
"Name" varchar(255) NULL  ,
"Length" real NOT NULL  ,
"Width" real NOT NULL  ,
"Height" real NOT NULL    )
{}
2023-08-15 17:14:40,498 [1] INFO  Quectel.Agv.Repository.SqlSugar.DbContext - select Name from sqlite_master where type='table' and name<>'sqlite_sequence' order by name;
{}
2023-08-15 17:14:40,500 [1] INFO  Quectel.Agv.Repository.SqlSugar.DbContext - CREATE TABLE "VisionInspection_Plc"(
"Id" integer NOT NULL PRIMARY KEY AUTOINCREMENT,
"Ip" varchar(255) NULL  ,
"Port" integer NOT NULL  ,
"IsRunning" bit NOT NULL  ,
"CreateBy" varchar(255) NULL  ,
"CreateTime" datetime NOT NULL  ,
"ModifyBy" varchar(255) NULL  ,
"ModifyTime" datetime NULL  ,
"IsDeleted" bit NOT NULL  ,
"Remarks" varchar(255) NULL    )
{}
2023-08-15 17:14:40,533 [1] INFO  Quectel.Agv.Repository.SqlSugar.DbContext - select Name from sqlite_master where type='table' and name<>'sqlite_sequence' order by name;
{}
2023-08-15 17:14:40,535 [1] INFO  Quectel.Agv.Repository.SqlSugar.DbContext - CREATE TABLE "VisionInspection_Robot"(
"Id" integer NOT NULL PRIMARY KEY AUTOINCREMENT,
"Ip" varchar(255) NULL  ,
"Port" integer NOT NULL  ,
"IsRunning" bit NOT NULL  ,
"CreateBy" varchar(255) NULL  ,
"CreateTime" datetime NOT NULL  ,
"ModifyBy" varchar(255) NULL  ,
"ModifyTime" datetime NULL  ,
"IsDeleted" bit NOT NULL  ,
"Remarks" varchar(255) NULL    )
{}
2023-08-15 17:14:40,578 [1] INFO  Quectel.Agv.Repository.SqlSugar.DbContext - select Name from sqlite_master where type='table' and name<>'sqlite_sequence' order by name;
{}
2023-08-15 17:14:40,579 [1] INFO  Quectel.Agv.Repository.SqlSugar.DbContext - CREATE TABLE "VisionInspection_Vision"(
"Id" integer NOT NULL PRIMARY KEY AUTOINCREMENT,
"Ip" varchar(255) NULL  ,
"Port" integer NOT NULL  ,
"IsRunning" bit NOT NULL  ,
"CreateBy" varchar(255) NULL  ,
"CreateTime" datetime NOT NULL  ,
"ModifyBy" varchar(255) NULL  ,
"ModifyTime" datetime NULL  ,
"IsDeleted" bit NOT NULL  ,
"Remarks" varchar(255) NULL    )
{}
2023-08-15 17:14:40,620 [1] INFO  Quectel.Agv.App - 进入系统!
2023-08-15 17:14:40,719 [1] INFO  Quectel.Agv.Service.UserInfoService - select Name from sqlite_master where type='table' and name<>'sqlite_sequence' order by name;
{}
2023-08-15 17:18:16,611 [1] INFO  Quectel.Agv.Repository.SqlSugar.DbContext - select Name from sqlite_master where type='table' and name<>'sqlite_sequence' order by name;
{}
2023-08-15 17:18:16,651 [1] INFO  Quectel.Agv.Repository.SqlSugar.DbContext - CREATE TABLE "Sys_UserInfo"(
"Id" integer NOT NULL PRIMARY KEY AUTOINCREMENT,
"LoginName" varchar(255) NULL  ,
"PassWord" varchar(255) NULL  ,
"UserName" varchar(255) NULL  ,
"Email" varchar(255) NULL  ,
"PhoneNum" varchar(255) NULL  ,
"BirthDate" datetime NULL  ,
"Post" varchar(255) NULL  ,
"DeptID" bigint NULL  ,
"RoleIds" varchar(255) NULL  ,
"ErrorCount" integer NULL  ,
"LockTime" datetime NULL  ,
"CreateBy" varchar(255) NULL  ,
"CreateTime" datetime NOT NULL  ,
"ModifyBy" varchar(255) NULL  ,
"ModifyTime" datetime NULL  ,
"IsDeleted" bit NOT NULL  ,
"Remarks" varchar(255) NULL    )
{}
2023-08-15 17:18:16,765 [1] INFO  Quectel.Agv.Repository.SqlSugar.DbContext - select Name from sqlite_master where type='table' and name<>'sqlite_sequence' order by name;
{}
2023-08-15 17:18:16,828 [1] INFO  Quectel.Agv.Repository.SqlSugar.DbContext - CREATE TABLE "VisionInspection_Config"(
"Id" integer NOT NULL PRIMARY KEY AUTOINCREMENT,
"Key" varchar(255) NULL  ,
"Value" varchar(255) NULL  ,
"CreateBy" varchar(255) NULL  ,
"CreateTime" datetime NOT NULL  ,
"ModifyBy" varchar(255) NULL  ,
"ModifyTime" datetime NULL  ,
"IsDeleted" bit NOT NULL  ,
"Remarks" varchar(255) NULL    )
{}
2023-08-15 17:18:16,875 [1] INFO  Quectel.Agv.Repository.SqlSugar.DbContext - select Name from sqlite_master where type='table' and name<>'sqlite_sequence' order by name;
{}
2023-08-15 17:18:16,877 [1] INFO  Quectel.Agv.Repository.SqlSugar.DbContext - CREATE TABLE "VisionInspection_ControlCenter"(
"Id" integer NOT NULL PRIMARY KEY AUTOINCREMENT,
"Ip" varchar(255) NULL  ,
"Port" integer NOT NULL  ,
"IsRunning" bit NOT NULL  ,
"CreateBy" varchar(255) NULL  ,
"CreateTime" datetime NOT NULL  ,
"ModifyBy" varchar(255) NULL  ,
"ModifyTime" datetime NULL  ,
"IsDeleted" bit NOT NULL  ,
"Remarks" varchar(255) NULL    )
{}
2023-08-15 17:18:16,913 [1] INFO  Quectel.Agv.Repository.SqlSugar.DbContext - select Name from sqlite_master where type='table' and name<>'sqlite_sequence' order by name;
{}
2023-08-15 17:18:16,914 [1] INFO  Quectel.Agv.Repository.SqlSugar.DbContext - CREATE TABLE "VisionInspection_Location"(
"Id" integer NOT NULL PRIMARY KEY AUTOINCREMENT,
"X" real NOT NULL  ,
"Y" real NOT NULL  ,
"Z" real NOT NULL  ,
"RZ" real NOT NULL  ,
"AdapterType" varchar(255) NULL  ,
"Type" varchar(255) NULL  ,
"IsUsed" bit NOT NULL  ,
"CreateBy" varchar(255) NULL  ,
"CreateTime" datetime NOT NULL  ,
"ModifyBy" varchar(255) NULL  ,
"ModifyTime" datetime NULL  ,
"IsDeleted" bit NOT NULL  ,
"Remarks" varchar(255) NULL    )
{}
2023-08-15 17:18:16,954 [1] INFO  Quectel.Agv.Repository.SqlSugar.DbContext - select Name from sqlite_master where type='table' and name<>'sqlite_sequence' order by name;
{}
2023-08-15 17:18:16,955 [1] INFO  Quectel.Agv.Repository.SqlSugar.DbContext - CREATE TABLE "VisionInspection_Mechanism"(
"Id" integer NOT NULL PRIMARY KEY AUTOINCREMENT,
"Columns" integer NOT NULL  ,
"Rows" integer NOT NULL  ,
"X" real NOT NULL  ,
"Y" real NOT NULL  ,
"Z" real NOT NULL  ,
"RZ" real NOT NULL  ,
"SpacingX" real NOT NULL  ,
"SpacingY" real NOT NULL  ,
"Type" varchar(255) NULL  ,
"ModelType" varchar(255) NULL  ,
"IsUsed" bit NOT NULL  ,
"CreateBy" varchar(255) NULL  ,
"CreateTime" datetime NOT NULL  ,
"ModifyBy" varchar(255) NULL  ,
"ModifyTime" datetime NULL  ,
"IsDeleted" bit NOT NULL  ,
"Remarks" varchar(255) NULL    )
{}
2023-08-15 17:18:17,091 [1] INFO  Quectel.Agv.Repository.SqlSugar.DbContext - select Name from sqlite_master where type='table' and name<>'sqlite_sequence' order by name;
{}
2023-08-15 17:18:17,092 [1] INFO  Quectel.Agv.Repository.SqlSugar.DbContext - CREATE TABLE "VisionInspection_Model"(
"Name" varchar(255) NULL  ,
"Length" real NOT NULL  ,
"Width" real NOT NULL  ,
"Height" real NOT NULL    )
{}
2023-08-15 17:18:17,149 [1] INFO  Quectel.Agv.Repository.SqlSugar.DbContext - select Name from sqlite_master where type='table' and name<>'sqlite_sequence' order by name;
{}
2023-08-15 17:18:17,151 [1] INFO  Quectel.Agv.Repository.SqlSugar.DbContext - CREATE TABLE "VisionInspection_Plc"(
"Id" integer NOT NULL PRIMARY KEY AUTOINCREMENT,
"Ip" varchar(255) NULL  ,
"Port" integer NOT NULL  ,
"IsRunning" bit NOT NULL  ,
"CreateBy" varchar(255) NULL  ,
"CreateTime" datetime NOT NULL  ,
"ModifyBy" varchar(255) NULL  ,
"ModifyTime" datetime NULL  ,
"IsDeleted" bit NOT NULL  ,
"Remarks" varchar(255) NULL    )
{}
2023-08-15 17:18:17,193 [1] INFO  Quectel.Agv.Repository.SqlSugar.DbContext - select Name from sqlite_master where type='table' and name<>'sqlite_sequence' order by name;
{}
2023-08-15 17:18:17,195 [1] INFO  Quectel.Agv.Repository.SqlSugar.DbContext - CREATE TABLE "VisionInspection_Robot"(
"Id" integer NOT NULL PRIMARY KEY AUTOINCREMENT,
"Ip" varchar(255) NULL  ,
"Port" integer NOT NULL  ,
"IsRunning" bit NOT NULL  ,
"CreateBy" varchar(255) NULL  ,
"CreateTime" datetime NOT NULL  ,
"ModifyBy" varchar(255) NULL  ,
"ModifyTime" datetime NULL  ,
"IsDeleted" bit NOT NULL  ,
"Remarks" varchar(255) NULL    )
{}
2023-08-15 17:18:17,238 [1] INFO  Quectel.Agv.Repository.SqlSugar.DbContext - select Name from sqlite_master where type='table' and name<>'sqlite_sequence' order by name;
{}
2023-08-15 17:18:17,240 [1] INFO  Quectel.Agv.Repository.SqlSugar.DbContext - CREATE TABLE "VisionInspection_Vision"(
"Id" integer NOT NULL PRIMARY KEY AUTOINCREMENT,
"Ip" varchar(255) NULL  ,
"Port" integer NOT NULL  ,
"IsRunning" bit NOT NULL  ,
"CreateBy" varchar(255) NULL  ,
"CreateTime" datetime NOT NULL  ,
"ModifyBy" varchar(255) NULL  ,
"ModifyTime" datetime NULL  ,
"IsDeleted" bit NOT NULL  ,
"Remarks" varchar(255) NULL    )
{}
2023-08-15 17:18:17,290 [1] INFO  Quectel.Agv.App - 进入系统!
2023-08-15 17:18:17,344 [1] INFO  Quectel.Agv.Service.UserInfoService - select Name from sqlite_master where type='table' and name<>'sqlite_sequence' order by name;
{}
2023-08-15 17:19:24,172 [1] INFO  Quectel.Agv.Repository.SqlSugar.DbContext - select Name from sqlite_master where type='table' and name<>'sqlite_sequence' order by name;
{}
2023-08-15 17:19:24,328 [1] INFO  Quectel.Agv.Repository.SqlSugar.DbContext - select Name from sqlite_master where type='table' and name<>'sqlite_sequence' order by name;
{}
2023-08-15 17:19:24,340 [1] INFO  Quectel.Agv.Repository.SqlSugar.DbContext - select Name from sqlite_master where type='table' and name<>'sqlite_sequence' order by name;
{}
2023-08-15 17:19:24,350 [1] INFO  Quectel.Agv.Repository.SqlSugar.DbContext - select Name from sqlite_master where type='table' and name<>'sqlite_sequence' order by name;
{}
2023-08-15 17:19:24,360 [1] INFO  Quectel.Agv.Repository.SqlSugar.DbContext - select Name from sqlite_master where type='table' and name<>'sqlite_sequence' order by name;
{}
2023-08-15 17:19:24,371 [1] INFO  Quectel.Agv.Repository.SqlSugar.DbContext - select Name from sqlite_master where type='table' and name<>'sqlite_sequence' order by name;
{}
2023-08-15 17:19:24,377 [1] INFO  Quectel.Agv.Repository.SqlSugar.DbContext - select Name from sqlite_master where type='table' and name<>'sqlite_sequence' order by name;
{}
2023-08-15 17:19:24,387 [1] INFO  Quectel.Agv.Repository.SqlSugar.DbContext - select Name from sqlite_master where type='table' and name<>'sqlite_sequence' order by name;
{}
2023-08-15 17:19:24,409 [1] INFO  Quectel.Agv.Repository.SqlSugar.DbContext - select Name from sqlite_master where type='table' and name<>'sqlite_sequence' order by name;
{}
2023-08-15 17:19:24,436 [1] INFO  Quectel.Agv.App - 进入系统!
2023-08-15 17:19:24,532 [1] INFO  Quectel.Agv.Service.UserInfoService - select Name from sqlite_master where type='table' and name<>'sqlite_sequence' order by name;
{}
2023-08-15 17:23:41,637 [1] INFO  Quectel.Agv.Repository.SqlSugar.DbContext - select Name from sqlite_master where type='table' and name<>'sqlite_sequence' order by name;
{}
2023-08-15 17:23:41,737 [1] INFO  Quectel.Agv.Repository.SqlSugar.DbContext - select Name from sqlite_master where type='table' and name<>'sqlite_sequence' order by name;
{}
2023-08-15 17:23:41,742 [1] INFO  Quectel.Agv.Repository.SqlSugar.DbContext - select Name from sqlite_master where type='table' and name<>'sqlite_sequence' order by name;
{}
2023-08-15 17:23:41,747 [1] INFO  Quectel.Agv.Repository.SqlSugar.DbContext - select Name from sqlite_master where type='table' and name<>'sqlite_sequence' order by name;
{}
2023-08-15 17:23:41,753 [1] INFO  Quectel.Agv.Repository.SqlSugar.DbContext - select Name from sqlite_master where type='table' and name<>'sqlite_sequence' order by name;
{}
2023-08-15 17:23:41,756 [1] INFO  Quectel.Agv.Repository.SqlSugar.DbContext - select Name from sqlite_master where type='table' and name<>'sqlite_sequence' order by name;
{}
2023-08-15 17:23:41,760 [1] INFO  Quectel.Agv.Repository.SqlSugar.DbContext - select Name from sqlite_master where type='table' and name<>'sqlite_sequence' order by name;
{}
2023-08-15 17:23:41,764 [1] INFO  Quectel.Agv.Repository.SqlSugar.DbContext - select Name from sqlite_master where type='table' and name<>'sqlite_sequence' order by name;
{}
2023-08-15 17:23:41,770 [1] INFO  Quectel.Agv.Repository.SqlSugar.DbContext - select Name from sqlite_master where type='table' and name<>'sqlite_sequence' order by name;
{}
2023-08-15 17:23:41,789 [1] INFO  Quectel.Agv.App - 进入系统!
2023-08-15 17:23:41,873 [1] INFO  Quectel.Agv.Service.UserInfoService - select Name from sqlite_master where type='table' and name<>'sqlite_sequence' order by name;
{}
2023-08-15 17:24:17,291 [1] INFO  Quectel.Agv.Repository.SqlSugar.DbContext - select Name from sqlite_master where type='table' and name<>'sqlite_sequence' order by name;
{}
2023-08-15 17:24:17,442 [1] INFO  Quectel.Agv.Repository.SqlSugar.DbContext - select Name from sqlite_master where type='table' and name<>'sqlite_sequence' order by name;
{}
2023-08-15 17:24:17,452 [1] INFO  Quectel.Agv.Repository.SqlSugar.DbContext - select Name from sqlite_master where type='table' and name<>'sqlite_sequence' order by name;
{}
2023-08-15 17:24:17,464 [1] INFO  Quectel.Agv.Repository.SqlSugar.DbContext - select Name from sqlite_master where type='table' and name<>'sqlite_sequence' order by name;
{}
2023-08-15 17:24:17,477 [1] INFO  Quectel.Agv.Repository.SqlSugar.DbContext - select Name from sqlite_master where type='table' and name<>'sqlite_sequence' order by name;
{}
2023-08-15 17:24:17,483 [1] INFO  Quectel.Agv.Repository.SqlSugar.DbContext - select Name from sqlite_master where type='table' and name<>'sqlite_sequence' order by name;
{}
2023-08-15 17:24:17,487 [1] INFO  Quectel.Agv.Repository.SqlSugar.DbContext - select Name from sqlite_master where type='table' and name<>'sqlite_sequence' order by name;
{}
2023-08-15 17:24:17,502 [1] INFO  Quectel.Agv.Repository.SqlSugar.DbContext - select Name from sqlite_master where type='table' and name<>'sqlite_sequence' order by name;
{}
2023-08-15 17:24:17,525 [1] INFO  Quectel.Agv.Repository.SqlSugar.DbContext - select Name from sqlite_master where type='table' and name<>'sqlite_sequence' order by name;
{}
2023-08-15 17:24:17,554 [1] INFO  Quectel.Agv.App - 进入系统!
2023-08-15 17:24:17,641 [1] INFO  Quectel.Agv.Service.UserInfoService - select Name from sqlite_master where type='table' and name<>'sqlite_sequence' order by name;
{}
2023-08-15 17:27:03,282 [1] INFO  Quectel.Agv.Repository.SqlSugar.DbContext - select Name from sqlite_master where type='table' and name<>'sqlite_sequence' order by name;
{}
2023-08-15 17:27:03,377 [1] INFO  Quectel.Agv.Repository.SqlSugar.DbContext - select Name from sqlite_master where type='table' and name<>'sqlite_sequence' order by name;
{}
2023-08-15 17:27:03,381 [1] INFO  Quectel.Agv.Repository.SqlSugar.DbContext - select Name from sqlite_master where type='table' and name<>'sqlite_sequence' order by name;
{}
2023-08-15 17:27:03,387 [1] INFO  Quectel.Agv.Repository.SqlSugar.DbContext - select Name from sqlite_master where type='table' and name<>'sqlite_sequence' order by name;
{}
2023-08-15 17:27:03,391 [1] INFO  Quectel.Agv.Repository.SqlSugar.DbContext - select Name from sqlite_master where type='table' and name<>'sqlite_sequence' order by name;
{}
2023-08-15 17:27:03,396 [1] INFO  Quectel.Agv.Repository.SqlSugar.DbContext - select Name from sqlite_master where type='table' and name<>'sqlite_sequence' order by name;
{}
2023-08-15 17:27:03,399 [1] INFO  Quectel.Agv.Repository.SqlSugar.DbContext - select Name from sqlite_master where type='table' and name<>'sqlite_sequence' order by name;
{}
2023-08-15 17:27:03,402 [1] INFO  Quectel.Agv.Repository.SqlSugar.DbContext - select Name from sqlite_master where type='table' and name<>'sqlite_sequence' order by name;
{}
2023-08-15 17:27:03,406 [1] INFO  Quectel.Agv.Repository.SqlSugar.DbContext - select Name from sqlite_master where type='table' and name<>'sqlite_sequence' order by name;
{}
2023-08-15 17:27:03,425 [1] INFO  Quectel.Agv.App - 进入系统!
2023-08-15 17:27:03,494 [1] INFO  Quectel.Agv.Service.UserInfoService - select Name from sqlite_master where type='table' and name<>'sqlite_sequence' order by name;
{}
2023-08-15 17:31:52,130 [1] INFO  Quectel.Agv.Repository.SqlSugar.DbContext - select Name from sqlite_master where type='table' and name<>'sqlite_sequence' order by name;
{}
2023-08-15 17:31:52,303 [1] INFO  Quectel.Agv.Repository.SqlSugar.DbContext - select Name from sqlite_master where type='table' and name<>'sqlite_sequence' order by name;
{}
2023-08-15 17:31:52,313 [1] INFO  Quectel.Agv.Repository.SqlSugar.DbContext - select Name from sqlite_master where type='table' and name<>'sqlite_sequence' order by name;
{}
2023-08-15 17:31:52,322 [1] INFO  Quectel.Agv.Repository.SqlSugar.DbContext - select Name from sqlite_master where type='table' and name<>'sqlite_sequence' order by name;
{}
2023-08-15 17:31:52,339 [1] INFO  Quectel.Agv.Repository.SqlSugar.DbContext - select Name from sqlite_master where type='table' and name<>'sqlite_sequence' order by name;
{}
2023-08-15 17:31:52,355 [1] INFO  Quectel.Agv.Repository.SqlSugar.DbContext - select Name from sqlite_master where type='table' and name<>'sqlite_sequence' order by name;
{}
2023-08-15 17:31:52,363 [1] INFO  Quectel.Agv.Repository.SqlSugar.DbContext - select Name from sqlite_master where type='table' and name<>'sqlite_sequence' order by name;
{}
2023-08-15 17:31:52,374 [1] INFO  Quectel.Agv.Repository.SqlSugar.DbContext - select Name from sqlite_master where type='table' and name<>'sqlite_sequence' order by name;
{}
2023-08-15 17:31:52,386 [1] INFO  Quectel.Agv.Repository.SqlSugar.DbContext - select Name from sqlite_master where type='table' and name<>'sqlite_sequence' order by name;
{}
2023-08-15 17:31:52,412 [1] INFO  Quectel.Agv.App - 进入系统!
2023-08-15 17:31:52,486 [1] INFO  Quectel.Agv.Service.UserInfoService - select Name from sqlite_master where type='table' and name<>'sqlite_sequence' order by name;
{}
2023-08-15 17:36:22,977 [1] INFO  Quectel.Agv.Repository.SqlSugar.DbContext - select Name from sqlite_master where type='table' and name<>'sqlite_sequence' order by name;
{}
2023-08-15 17:36:23,147 [1] INFO  Quectel.Agv.Repository.SqlSugar.DbContext - select Name from sqlite_master where type='table' and name<>'sqlite_sequence' order by name;
{}
2023-08-15 17:36:23,152 [1] INFO  Quectel.Agv.Repository.SqlSugar.DbContext - select Name from sqlite_master where type='table' and name<>'sqlite_sequence' order by name;
{}
2023-08-15 17:36:23,163 [1] INFO  Quectel.Agv.Repository.SqlSugar.DbContext - select Name from sqlite_master where type='table' and name<>'sqlite_sequence' order by name;
{}
2023-08-15 17:36:23,171 [1] INFO  Quectel.Agv.Repository.SqlSugar.DbContext - select Name from sqlite_master where type='table' and name<>'sqlite_sequence' order by name;
{}
2023-08-15 17:36:23,190 [1] INFO  Quectel.Agv.Repository.SqlSugar.DbContext - select Name from sqlite_master where type='table' and name<>'sqlite_sequence' order by name;
{}
2023-08-15 17:36:23,206 [1] INFO  Quectel.Agv.Repository.SqlSugar.DbContext - select Name from sqlite_master where type='table' and name<>'sqlite_sequence' order by name;
{}
2023-08-15 17:36:23,215 [1] INFO  Quectel.Agv.Repository.SqlSugar.DbContext - select Name from sqlite_master where type='table' and name<>'sqlite_sequence' order by name;
{}
2023-08-15 17:36:23,226 [1] INFO  Quectel.Agv.Repository.SqlSugar.DbContext - select Name from sqlite_master where type='table' and name<>'sqlite_sequence' order by name;
{}
2023-08-15 17:36:23,254 [1] INFO  Quectel.Agv.App - 进入系统!
2023-08-15 17:36:23,343 [1] INFO  Quectel.Agv.Service.UserInfoService - select Name from sqlite_master where type='table' and name<>'sqlite_sequence' order by name;
{}
2023-08-15 17:38:35,777 [1] INFO  Quectel.Agv.Repository.SqlSugar.DbContext - select Name from sqlite_master where type='table' and name<>'sqlite_sequence' order by name;
{}
2023-08-15 17:38:35,880 [1] INFO  Quectel.Agv.Repository.SqlSugar.DbContext - select Name from sqlite_master where type='table' and name<>'sqlite_sequence' order by name;
{}
2023-08-15 17:38:35,887 [1] INFO  Quectel.Agv.Repository.SqlSugar.DbContext - select Name from sqlite_master where type='table' and name<>'sqlite_sequence' order by name;
{}
2023-08-15 17:38:35,892 [1] INFO  Quectel.Agv.Repository.SqlSugar.DbContext - select Name from sqlite_master where type='table' and name<>'sqlite_sequence' order by name;
{}
2023-08-15 17:38:35,901 [1] INFO  Quectel.Agv.Repository.SqlSugar.DbContext - select Name from sqlite_master where type='table' and name<>'sqlite_sequence' order by name;
{}
2023-08-15 17:38:35,905 [1] INFO  Quectel.Agv.Repository.SqlSugar.DbContext - select Name from sqlite_master where type='table' and name<>'sqlite_sequence' order by name;
{}
2023-08-15 17:38:35,909 [1] INFO  Quectel.Agv.Repository.SqlSugar.DbContext - select Name from sqlite_master where type='table' and name<>'sqlite_sequence' order by name;
{}
2023-08-15 17:38:35,913 [1] INFO  Quectel.Agv.Repository.SqlSugar.DbContext - select Name from sqlite_master where type='table' and name<>'sqlite_sequence' order by name;
{}
2023-08-15 17:38:35,918 [1] INFO  Quectel.Agv.Repository.SqlSugar.DbContext - select Name from sqlite_master where type='table' and name<>'sqlite_sequence' order by name;
{}
2023-08-15 17:38:35,932 [1] INFO  Quectel.Agv.App - 进入系统!
2023-08-15 17:38:36,045 [1] INFO  Quectel.Agv.Service.UserInfoService - select Name from sqlite_master where type='table' and name<>'sqlite_sequence' order by name;
{}
2023-08-15 21:22:14,776 [1] INFO  Quectel.Agv.Repository.SqlSugar.DbContext - select Name from sqlite_master where type='table' and name<>'sqlite_sequence' order by name;
{}
2023-08-15 21:22:14,873 [1] INFO  Quectel.Agv.Repository.SqlSugar.DbContext - select Name from sqlite_master where type='table' and name<>'sqlite_sequence' order by name;
{}
2023-08-15 21:22:14,876 [1] INFO  Quectel.Agv.Repository.SqlSugar.DbContext - select Name from sqlite_master where type='table' and name<>'sqlite_sequence' order by name;
{}
2023-08-15 21:22:14,880 [1] INFO  Quectel.Agv.Repository.SqlSugar.DbContext - select Name from sqlite_master where type='table' and name<>'sqlite_sequence' order by name;
{}
2023-08-15 21:22:14,885 [1] INFO  Quectel.Agv.Repository.SqlSugar.DbContext - select Name from sqlite_master where type='table' and name<>'sqlite_sequence' order by name;
{}
2023-08-15 21:22:14,890 [1] INFO  Quectel.Agv.Repository.SqlSugar.DbContext - select Name from sqlite_master where type='table' and name<>'sqlite_sequence' order by name;
{}
2023-08-15 21:22:14,893 [1] INFO  Quectel.Agv.Repository.SqlSugar.DbContext - select Name from sqlite_master where type='table' and name<>'sqlite_sequence' order by name;
{}
2023-08-15 21:22:14,898 [1] INFO  Quectel.Agv.Repository.SqlSugar.DbContext - select Name from sqlite_master where type='table' and name<>'sqlite_sequence' order by name;
{}
2023-08-15 21:22:14,904 [1] INFO  Quectel.Agv.Repository.SqlSugar.DbContext - select Name from sqlite_master where type='table' and name<>'sqlite_sequence' order by name;
{}
2023-08-15 21:22:14,913 [1] INFO  Quectel.Agv.App - 进入系统!
2023-08-15 21:22:14,960 [1] INFO  Quectel.Agv.Service.UserInfoService - select Name from sqlite_master where type='table' and name<>'sqlite_sequence' order by name;
{}
2023-08-15 21:24:09,714 [1] INFO  Quectel.Agv.Repository.SqlSugar.DbContext - select Name from sqlite_master where type='table' and name<>'sqlite_sequence' order by name;
{}
2023-08-15 21:24:09,819 [1] INFO  Quectel.Agv.Repository.SqlSugar.DbContext - select Name from sqlite_master where type='table' and name<>'sqlite_sequence' order by name;
{}
2023-08-15 21:24:09,825 [1] INFO  Quectel.Agv.Repository.SqlSugar.DbContext - select Name from sqlite_master where type='table' and name<>'sqlite_sequence' order by name;
{}
2023-08-15 21:24:09,831 [1] INFO  Quectel.Agv.Repository.SqlSugar.DbContext - select Name from sqlite_master where type='table' and name<>'sqlite_sequence' order by name;
{}
2023-08-15 21:24:09,838 [1] INFO  Quectel.Agv.Repository.SqlSugar.DbContext - select Name from sqlite_master where type='table' and name<>'sqlite_sequence' order by name;
{}
2023-08-15 21:24:09,847 [1] INFO  Quectel.Agv.Repository.SqlSugar.DbContext - select Name from sqlite_master where type='table' and name<>'sqlite_sequence' order by name;
{}
2023-08-15 21:24:09,852 [1] INFO  Quectel.Agv.Repository.SqlSugar.DbContext - select Name from sqlite_master where type='table' and name<>'sqlite_sequence' order by name;
{}
2023-08-15 21:24:09,863 [1] INFO  Quectel.Agv.Repository.SqlSugar.DbContext - select Name from sqlite_master where type='table' and name<>'sqlite_sequence' order by name;
{}
2023-08-15 21:24:09,879 [1] INFO  Quectel.Agv.Repository.SqlSugar.DbContext - select Name from sqlite_master where type='table' and name<>'sqlite_sequence' order by name;
{}
2023-08-15 21:24:09,907 [1] INFO  Quectel.Agv.App - 进入系统!
2023-08-15 21:24:09,982 [1] INFO  Quectel.Agv.Service.UserInfoService - select Name from sqlite_master where type='table' and name<>'sqlite_sequence' order by name;
{}
2023-08-15 21:27:02,833 [1] INFO  Quectel.Agv.Repository.SqlSugar.DbContext - select Name from sqlite_master where type='table' and name<>'sqlite_sequence' order by name;
{}
2023-08-15 21:27:02,917 [1] INFO  Quectel.Agv.Repository.SqlSugar.DbContext - select Name from sqlite_master where type='table' and name<>'sqlite_sequence' order by name;
{}
2023-08-15 21:27:02,920 [1] INFO  Quectel.Agv.Repository.SqlSugar.DbContext - select Name from sqlite_master where type='table' and name<>'sqlite_sequence' order by name;
{}
2023-08-15 21:27:02,923 [1] INFO  Quectel.Agv.Repository.SqlSugar.DbContext - select Name from sqlite_master where type='table' and name<>'sqlite_sequence' order by name;
{}
2023-08-15 21:27:02,928 [1] INFO  Quectel.Agv.Repository.SqlSugar.DbContext - select Name from sqlite_master where type='table' and name<>'sqlite_sequence' order by name;
{}
2023-08-15 21:27:02,931 [1] INFO  Quectel.Agv.Repository.SqlSugar.DbContext - select Name from sqlite_master where type='table' and name<>'sqlite_sequence' order by name;
{}
2023-08-15 21:27:02,934 [1] INFO  Quectel.Agv.Repository.SqlSugar.DbContext - select Name from sqlite_master where type='table' and name<>'sqlite_sequence' order by name;
{}
2023-08-15 21:27:02,937 [1] INFO  Quectel.Agv.Repository.SqlSugar.DbContext - select Name from sqlite_master where type='table' and name<>'sqlite_sequence' order by name;
{}
2023-08-15 21:27:02,940 [1] INFO  Quectel.Agv.Repository.SqlSugar.DbContext - select Name from sqlite_master where type='table' and name<>'sqlite_sequence' order by name;
{}
2023-08-15 21:27:02,949 [1] INFO  Quectel.Agv.App - 进入系统!
2023-08-15 21:27:02,993 [1] INFO  Quectel.Agv.Service.UserInfoService - select Name from sqlite_master where type='table' and name<>'sqlite_sequence' order by name;
{}
2023-08-15 21:29:28,661 [1] INFO  Quectel.Agv.Repository.SqlSugar.DbContext - select Name from sqlite_master where type='table' and name<>'sqlite_sequence' order by name;
{}
2023-08-15 21:29:28,774 [1] INFO  Quectel.Agv.Repository.SqlSugar.DbContext - select Name from sqlite_master where type='table' and name<>'sqlite_sequence' order by name;
{}
2023-08-15 21:29:28,778 [1] INFO  Quectel.Agv.Repository.SqlSugar.DbContext - select Name from sqlite_master where type='table' and name<>'sqlite_sequence' order by name;
{}
2023-08-15 21:29:28,785 [1] INFO  Quectel.Agv.Repository.SqlSugar.DbContext - select Name from sqlite_master where type='table' and name<>'sqlite_sequence' order by name;
{}
2023-08-15 21:29:28,793 [1] INFO  Quectel.Agv.Repository.SqlSugar.DbContext - select Name from sqlite_master where type='table' and name<>'sqlite_sequence' order by name;
{}
2023-08-15 21:29:28,798 [1] INFO  Quectel.Agv.Repository.SqlSugar.DbContext - select Name from sqlite_master where type='table' and name<>'sqlite_sequence' order by name;
{}
2023-08-15 21:29:28,801 [1] INFO  Quectel.Agv.Repository.SqlSugar.DbContext - select Name from sqlite_master where type='table' and name<>'sqlite_sequence' order by name;
{}
2023-08-15 21:29:28,807 [1] INFO  Quectel.Agv.Repository.SqlSugar.DbContext - select Name from sqlite_master where type='table' and name<>'sqlite_sequence' order by name;
{}
2023-08-15 21:29:28,813 [1] INFO  Quectel.Agv.Repository.SqlSugar.DbContext - select Name from sqlite_master where type='table' and name<>'sqlite_sequence' order by name;
{}
2023-08-15 21:29:28,834 [1] INFO  Quectel.Agv.App - 进入系统!
2023-08-15 21:29:28,925 [1] INFO  Quectel.Agv.Service.UserInfoService - select Name from sqlite_master where type='table' and name<>'sqlite_sequence' order by name;
{}
2023-08-15 21:30:19,409 [1] INFO  Quectel.Agv.Repository.SqlSugar.DbContext - select Name from sqlite_master where type='table' and name<>'sqlite_sequence' order by name;
{}
2023-08-15 21:30:19,574 [1] INFO  Quectel.Agv.Repository.SqlSugar.DbContext - select Name from sqlite_master where type='table' and name<>'sqlite_sequence' order by name;
{}
2023-08-15 21:30:19,579 [1] INFO  Quectel.Agv.Repository.SqlSugar.DbContext - select Name from sqlite_master where type='table' and name<>'sqlite_sequence' order by name;
{}
2023-08-15 21:30:19,586 [1] INFO  Quectel.Agv.Repository.SqlSugar.DbContext - select Name from sqlite_master where type='table' and name<>'sqlite_sequence' order by name;
{}
2023-08-15 21:30:19,592 [1] INFO  Quectel.Agv.Repository.SqlSugar.DbContext - select Name from sqlite_master where type='table' and name<>'sqlite_sequence' order by name;
{}
2023-08-15 21:30:19,597 [1] INFO  Quectel.Agv.Repository.SqlSugar.DbContext - select Name from sqlite_master where type='table' and name<>'sqlite_sequence' order by name;
{}
2023-08-15 21:30:19,600 [1] INFO  Quectel.Agv.Repository.SqlSugar.DbContext - select Name from sqlite_master where type='table' and name<>'sqlite_sequence' order by name;
{}
2023-08-15 21:30:19,605 [1] INFO  Quectel.Agv.Repository.SqlSugar.DbContext - select Name from sqlite_master where type='table' and name<>'sqlite_sequence' order by name;
{}
2023-08-15 21:30:19,612 [1] INFO  Quectel.Agv.Repository.SqlSugar.DbContext - select Name from sqlite_master where type='table' and name<>'sqlite_sequence' order by name;
{}
2023-08-15 21:30:19,627 [1] INFO  Quectel.Agv.App - 进入系统!
2023-08-15 21:30:19,688 [1] INFO  Quectel.Agv.Service.UserInfoService - select Name from sqlite_master where type='table' and name<>'sqlite_sequence' order by name;
{}
2023-08-15 21:30:58,193 [1] INFO  Quectel.Agv.Repository.SqlSugar.DbContext - select Name from sqlite_master where type='table' and name<>'sqlite_sequence' order by name;
{}
2023-08-15 21:30:58,353 [1] INFO  Quectel.Agv.Repository.SqlSugar.DbContext - select Name from sqlite_master where type='table' and name<>'sqlite_sequence' order by name;
{}
2023-08-15 21:30:58,358 [1] INFO  Quectel.Agv.Repository.SqlSugar.DbContext - select Name from sqlite_master where type='table' and name<>'sqlite_sequence' order by name;
{}
2023-08-15 21:30:58,363 [1] INFO  Quectel.Agv.Repository.SqlSugar.DbContext - select Name from sqlite_master where type='table' and name<>'sqlite_sequence' order by name;
{}
2023-08-15 21:30:58,369 [1] INFO  Quectel.Agv.Repository.SqlSugar.DbContext - select Name from sqlite_master where type='table' and name<>'sqlite_sequence' order by name;
{}
2023-08-15 21:30:58,374 [1] INFO  Quectel.Agv.Repository.SqlSugar.DbContext - select Name from sqlite_master where type='table' and name<>'sqlite_sequence' order by name;
{}
2023-08-15 21:30:58,377 [1] INFO  Quectel.Agv.Repository.SqlSugar.DbContext - select Name from sqlite_master where type='table' and name<>'sqlite_sequence' order by name;
{}
2023-08-15 21:30:58,382 [1] INFO  Quectel.Agv.Repository.SqlSugar.DbContext - select Name from sqlite_master where type='table' and name<>'sqlite_sequence' order by name;
{}
2023-08-15 21:30:58,386 [1] INFO  Quectel.Agv.Repository.SqlSugar.DbContext - select Name from sqlite_master where type='table' and name<>'sqlite_sequence' order by name;
{}
2023-08-15 21:30:58,400 [1] INFO  Quectel.Agv.App - 进入系统!
2023-08-15 21:30:58,443 [1] INFO  Quectel.Agv.Service.UserInfoService - select Name from sqlite_master where type='table' and name<>'sqlite_sequence' order by name;
{}
2023-08-15 21:39:22,545 [1] INFO  Quectel.Agv.Repository.SqlSugar.DbContext - select Name from sqlite_master where type='table' and name<>'sqlite_sequence' order by name;
{}
2023-08-15 21:39:22,628 [1] INFO  Quectel.Agv.Repository.SqlSugar.DbContext - select Name from sqlite_master where type='table' and name<>'sqlite_sequence' order by name;
{}
2023-08-15 21:39:22,632 [1] INFO  Quectel.Agv.Repository.SqlSugar.DbContext - select Name from sqlite_master where type='table' and name<>'sqlite_sequence' order by name;
{}
2023-08-15 21:39:22,636 [1] INFO  Quectel.Agv.Repository.SqlSugar.DbContext - select Name from sqlite_master where type='table' and name<>'sqlite_sequence' order by name;
{}
2023-08-15 21:39:22,640 [1] INFO  Quectel.Agv.Repository.SqlSugar.DbContext - select Name from sqlite_master where type='table' and name<>'sqlite_sequence' order by name;
{}
2023-08-15 21:39:22,643 [1] INFO  Quectel.Agv.Repository.SqlSugar.DbContext - select Name from sqlite_master where type='table' and name<>'sqlite_sequence' order by name;
{}
2023-08-15 21:39:22,646 [1] INFO  Quectel.Agv.Repository.SqlSugar.DbContext - select Name from sqlite_master where type='table' and name<>'sqlite_sequence' order by name;
{}
2023-08-15 21:39:22,649 [1] INFO  Quectel.Agv.Repository.SqlSugar.DbContext - select Name from sqlite_master where type='table' and name<>'sqlite_sequence' order by name;
{}
2023-08-15 21:39:22,653 [1] INFO  Quectel.Agv.Repository.SqlSugar.DbContext - select Name from sqlite_master where type='table' and name<>'sqlite_sequence' order by name;
{}
2023-08-15 21:39:22,662 [1] INFO  Quectel.Agv.App - 进入系统!
2023-08-15 21:39:22,712 [1] INFO  Quectel.Agv.Service.UserInfoService - select Name from sqlite_master where type='table' and name<>'sqlite_sequence' order by name;
{}
2023-08-15 21:42:45,078 [1] INFO  Quectel.Agv.Repository.SqlSugar.DbContext - select Name from sqlite_master where type='table' and name<>'sqlite_sequence' order by name;
{}
2023-08-15 21:42:45,165 [1] INFO  Quectel.Agv.Repository.SqlSugar.DbContext - select Name from sqlite_master where type='table' and name<>'sqlite_sequence' order by name;
{}
2023-08-15 21:42:45,168 [1] INFO  Quectel.Agv.Repository.SqlSugar.DbContext - select Name from sqlite_master where type='table' and name<>'sqlite_sequence' order by name;
{}
2023-08-15 21:42:45,172 [1] INFO  Quectel.Agv.Repository.SqlSugar.DbContext - select Name from sqlite_master where type='table' and name<>'sqlite_sequence' order by name;
{}
2023-08-15 21:42:45,176 [1] INFO  Quectel.Agv.Repository.SqlSugar.DbContext - select Name from sqlite_master where type='table' and name<>'sqlite_sequence' order by name;
{}
2023-08-15 21:42:45,179 [1] INFO  Quectel.Agv.Repository.SqlSugar.DbContext - select Name from sqlite_master where type='table' and name<>'sqlite_sequence' order by name;
{}
2023-08-15 21:42:45,181 [1] INFO  Quectel.Agv.Repository.SqlSugar.DbContext - select Name from sqlite_master where type='table' and name<>'sqlite_sequence' order by name;
{}
2023-08-15 21:42:45,184 [1] INFO  Quectel.Agv.Repository.SqlSugar.DbContext - select Name from sqlite_master where type='table' and name<>'sqlite_sequence' order by name;
{}
2023-08-15 21:42:45,187 [1] INFO  Quectel.Agv.Repository.SqlSugar.DbContext - select Name from sqlite_master where type='table' and name<>'sqlite_sequence' order by name;
{}
2023-08-15 21:42:45,198 [1] INFO  Quectel.Agv.App - 进入系统!
2023-08-15 21:42:45,239 [1] INFO  Quectel.Agv.Service.UserInfoService - select Name from sqlite_master where type='table' and name<>'sqlite_sequence' order by name;
{}
2023-08-15 21:43:06,461 [1] INFO  Quectel.Agv.Repository.SqlSugar.DbContext - select Name from sqlite_master where type='table' and name<>'sqlite_sequence' order by name;
{}
2023-08-15 21:43:06,549 [1] INFO  Quectel.Agv.Repository.SqlSugar.DbContext - select Name from sqlite_master where type='table' and name<>'sqlite_sequence' order by name;
{}
2023-08-15 21:43:06,552 [1] INFO  Quectel.Agv.Repository.SqlSugar.DbContext - select Name from sqlite_master where type='table' and name<>'sqlite_sequence' order by name;
{}
2023-08-15 21:43:06,555 [1] INFO  Quectel.Agv.Repository.SqlSugar.DbContext - select Name from sqlite_master where type='table' and name<>'sqlite_sequence' order by name;
{}
2023-08-15 21:43:06,560 [1] INFO  Quectel.Agv.Repository.SqlSugar.DbContext - select Name from sqlite_master where type='table' and name<>'sqlite_sequence' order by name;
{}
2023-08-15 21:43:06,563 [1] INFO  Quectel.Agv.Repository.SqlSugar.DbContext - select Name from sqlite_master where type='table' and name<>'sqlite_sequence' order by name;
{}
2023-08-15 21:43:06,565 [1] INFO  Quectel.Agv.Repository.SqlSugar.DbContext - select Name from sqlite_master where type='table' and name<>'sqlite_sequence' order by name;
{}
2023-08-15 21:43:06,568 [1] INFO  Quectel.Agv.Repository.SqlSugar.DbContext - select Name from sqlite_master where type='table' and name<>'sqlite_sequence' order by name;
{}
2023-08-15 21:43:06,572 [1] INFO  Quectel.Agv.Repository.SqlSugar.DbContext - select Name from sqlite_master where type='table' and name<>'sqlite_sequence' order by name;
{}
2023-08-15 21:43:06,581 [1] INFO  Quectel.Agv.App - 进入系统!
2023-08-15 21:43:06,627 [1] INFO  Quectel.Agv.Service.UserInfoService - select Name from sqlite_master where type='table' and name<>'sqlite_sequence' order by name;
{}
2023-08-15 21:43:43,551 [1] INFO  Quectel.Agv.Repository.SqlSugar.DbContext - select Name from sqlite_master where type='table' and name<>'sqlite_sequence' order by name;
{}
2023-08-15 21:43:43,628 [1] INFO  Quectel.Agv.Repository.SqlSugar.DbContext - select Name from sqlite_master where type='table' and name<>'sqlite_sequence' order by name;
{}
2023-08-15 21:43:43,631 [1] INFO  Quectel.Agv.Repository.SqlSugar.DbContext - select Name from sqlite_master where type='table' and name<>'sqlite_sequence' order by name;
{}
2023-08-15 21:43:43,634 [1] INFO  Quectel.Agv.Repository.SqlSugar.DbContext - select Name from sqlite_master where type='table' and name<>'sqlite_sequence' order by name;
{}
2023-08-15 21:43:43,638 [1] INFO  Quectel.Agv.Repository.SqlSugar.DbContext - select Name from sqlite_master where type='table' and name<>'sqlite_sequence' order by name;
{}
2023-08-15 21:43:43,642 [1] INFO  Quectel.Agv.Repository.SqlSugar.DbContext - select Name from sqlite_master where type='table' and name<>'sqlite_sequence' order by name;
{}
2023-08-15 21:43:43,645 [1] INFO  Quectel.Agv.Repository.SqlSugar.DbContext - select Name from sqlite_master where type='table' and name<>'sqlite_sequence' order by name;
{}
2023-08-15 21:43:43,648 [1] INFO  Quectel.Agv.Repository.SqlSugar.DbContext - select Name from sqlite_master where type='table' and name<>'sqlite_sequence' order by name;
{}
2023-08-15 21:43:43,652 [1] INFO  Quectel.Agv.Repository.SqlSugar.DbContext - select Name from sqlite_master where type='table' and name<>'sqlite_sequence' order by name;
{}
2023-08-15 21:43:43,662 [1] INFO  Quectel.Agv.App - 进入系统!
2023-08-15 21:43:43,715 [1] INFO  Quectel.Agv.Service.UserInfoService - select Name from sqlite_master where type='table' and name<>'sqlite_sequence' order by name;
{}
2023-08-15 21:45:05,202 [1] INFO  Quectel.Agv.Repository.SqlSugar.DbContext - select Name from sqlite_master where type='table' and name<>'sqlite_sequence' order by name;
{}
2023-08-15 21:45:05,284 [1] INFO  Quectel.Agv.Repository.SqlSugar.DbContext - select Name from sqlite_master where type='table' and name<>'sqlite_sequence' order by name;
{}
2023-08-15 21:45:05,288 [1] INFO  Quectel.Agv.Repository.SqlSugar.DbContext - select Name from sqlite_master where type='table' and name<>'sqlite_sequence' order by name;
{}
2023-08-15 21:45:05,292 [1] INFO  Quectel.Agv.Repository.SqlSugar.DbContext - select Name from sqlite_master where type='table' and name<>'sqlite_sequence' order by name;
{}
2023-08-15 21:45:05,295 [1] INFO  Quectel.Agv.Repository.SqlSugar.DbContext - select Name from sqlite_master where type='table' and name<>'sqlite_sequence' order by name;
{}
2023-08-15 21:45:05,299 [1] INFO  Quectel.Agv.Repository.SqlSugar.DbContext - select Name from sqlite_master where type='table' and name<>'sqlite_sequence' order by name;
{}
2023-08-15 21:45:05,301 [1] INFO  Quectel.Agv.Repository.SqlSugar.DbContext - select Name from sqlite_master where type='table' and name<>'sqlite_sequence' order by name;
{}
2023-08-15 21:45:05,304 [1] INFO  Quectel.Agv.Repository.SqlSugar.DbContext - select Name from sqlite_master where type='table' and name<>'sqlite_sequence' order by name;
{}
2023-08-15 21:45:05,308 [1] INFO  Quectel.Agv.Repository.SqlSugar.DbContext - select Name from sqlite_master where type='table' and name<>'sqlite_sequence' order by name;
{}
2023-08-15 21:45:05,316 [1] INFO  Quectel.Agv.App - 进入系统!
2023-08-15 21:45:05,358 [1] INFO  Quectel.Agv.Service.UserInfoService - select Name from sqlite_master where type='table' and name<>'sqlite_sequence' order by name;
{}
2023-08-15 21:50:41,605 [1] INFO  Quectel.Agv.Repository.SqlSugar.DbContext - select Name from sqlite_master where type='table' and name<>'sqlite_sequence' order by name;
{}
2023-08-15 21:50:41,688 [1] INFO  Quectel.Agv.Repository.SqlSugar.DbContext - select Name from sqlite_master where type='table' and name<>'sqlite_sequence' order by name;
{}
2023-08-15 21:50:41,691 [1] INFO  Quectel.Agv.Repository.SqlSugar.DbContext - select Name from sqlite_master where type='table' and name<>'sqlite_sequence' order by name;
{}
2023-08-15 21:50:41,695 [1] INFO  Quectel.Agv.Repository.SqlSugar.DbContext - select Name from sqlite_master where type='table' and name<>'sqlite_sequence' order by name;
{}
2023-08-15 21:50:41,699 [1] INFO  Quectel.Agv.Repository.SqlSugar.DbContext - select Name from sqlite_master where type='table' and name<>'sqlite_sequence' order by name;
{}
2023-08-15 21:50:41,702 [1] INFO  Quectel.Agv.Repository.SqlSugar.DbContext - select Name from sqlite_master where type='table' and name<>'sqlite_sequence' order by name;
{}
2023-08-15 21:50:41,704 [1] INFO  Quectel.Agv.Repository.SqlSugar.DbContext - select Name from sqlite_master where type='table' and name<>'sqlite_sequence' order by name;
{}
2023-08-15 21:50:41,707 [1] INFO  Quectel.Agv.Repository.SqlSugar.DbContext - select Name from sqlite_master where type='table' and name<>'sqlite_sequence' order by name;
{}
2023-08-15 21:50:41,710 [1] INFO  Quectel.Agv.Repository.SqlSugar.DbContext - select Name from sqlite_master where type='table' and name<>'sqlite_sequence' order by name;
{}
2023-08-15 21:50:41,719 [1] INFO  Quectel.Agv.App - 进入系统!
2023-08-15 21:50:41,762 [1] INFO  Quectel.Agv.Service.UserInfoService - select Name from sqlite_master where type='table' and name<>'sqlite_sequence' order by name;
{}
2023-08-15 21:54:19,191 [1] INFO  Quectel.Agv.Repository.SqlSugar.DbContext - select Name from sqlite_master where type='table' and name<>'sqlite_sequence' order by name;
{}
2023-08-15 21:54:19,309 [1] INFO  Quectel.Agv.Repository.SqlSugar.DbContext - select Name from sqlite_master where type='table' and name<>'sqlite_sequence' order by name;
{}
2023-08-15 21:54:19,315 [1] INFO  Quectel.Agv.Repository.SqlSugar.DbContext - select Name from sqlite_master where type='table' and name<>'sqlite_sequence' order by name;
{}
2023-08-15 21:54:19,323 [1] INFO  Quectel.Agv.Repository.SqlSugar.DbContext - select Name from sqlite_master where type='table' and name<>'sqlite_sequence' order by name;
{}
2023-08-15 21:54:19,332 [1] INFO  Quectel.Agv.Repository.SqlSugar.DbContext - select Name from sqlite_master where type='table' and name<>'sqlite_sequence' order by name;
{}
2023-08-15 21:54:19,341 [1] INFO  Quectel.Agv.Repository.SqlSugar.DbContext - select Name from sqlite_master where type='table' and name<>'sqlite_sequence' order by name;
{}
2023-08-15 21:54:19,347 [1] INFO  Quectel.Agv.Repository.SqlSugar.DbContext - select Name from sqlite_master where type='table' and name<>'sqlite_sequence' order by name;
{}
2023-08-15 21:54:19,354 [1] INFO  Quectel.Agv.Repository.SqlSugar.DbContext - select Name from sqlite_master where type='table' and name<>'sqlite_sequence' order by name;
{}
2023-08-15 21:54:19,364 [1] INFO  Quectel.Agv.Repository.SqlSugar.DbContext - select Name from sqlite_master where type='table' and name<>'sqlite_sequence' order by name;
{}
2023-08-15 21:54:19,381 [1] INFO  Quectel.Agv.App - 进入系统!
2023-08-15 21:54:19,458 [1] INFO  Quectel.Agv.Service.UserInfoService - select Name from sqlite_master where type='table' and name<>'sqlite_sequence' order by name;
{}
2023-08-15 21:55:56,436 [1] INFO  Quectel.Agv.Repository.SqlSugar.DbContext - select Name from sqlite_master where type='table' and name<>'sqlite_sequence' order by name;
{}
2023-08-15 21:55:56,569 [1] INFO  Quectel.Agv.Repository.SqlSugar.DbContext - select Name from sqlite_master where type='table' and name<>'sqlite_sequence' order by name;
{}
2023-08-15 21:55:56,574 [1] INFO  Quectel.Agv.Repository.SqlSugar.DbContext - select Name from sqlite_master where type='table' and name<>'sqlite_sequence' order by name;
{}
2023-08-15 21:55:56,579 [1] INFO  Quectel.Agv.Repository.SqlSugar.DbContext - select Name from sqlite_master where type='table' and name<>'sqlite_sequence' order by name;
{}
2023-08-15 21:55:56,586 [1] INFO  Quectel.Agv.Repository.SqlSugar.DbContext - select Name from sqlite_master where type='table' and name<>'sqlite_sequence' order by name;
{}
2023-08-15 21:55:56,592 [1] INFO  Quectel.Agv.Repository.SqlSugar.DbContext - select Name from sqlite_master where type='table' and name<>'sqlite_sequence' order by name;
{}
2023-08-15 21:55:56,596 [1] INFO  Quectel.Agv.Repository.SqlSugar.DbContext - select Name from sqlite_master where type='table' and name<>'sqlite_sequence' order by name;
{}
2023-08-15 21:55:56,600 [1] INFO  Quectel.Agv.Repository.SqlSugar.DbContext - select Name from sqlite_master where type='table' and name<>'sqlite_sequence' order by name;
{}
2023-08-15 21:55:56,605 [1] INFO  Quectel.Agv.Repository.SqlSugar.DbContext - select Name from sqlite_master where type='table' and name<>'sqlite_sequence' order by name;
{}
2023-08-15 21:55:56,619 [1] INFO  Quectel.Agv.App - 进入系统!
2023-08-15 21:55:56,687 [1] INFO  Quectel.Agv.Service.UserInfoService - select Name from sqlite_master where type='table' and name<>'sqlite_sequence' order by name;
{}
2023-08-15 21:57:31,392 [1] INFO  Quectel.Agv.Repository.SqlSugar.DbContext - select Name from sqlite_master where type='table' and name<>'sqlite_sequence' order by name;
{}
2023-08-15 21:57:31,496 [1] INFO  Quectel.Agv.Repository.SqlSugar.DbContext - select Name from sqlite_master where type='table' and name<>'sqlite_sequence' order by name;
{}
2023-08-15 21:57:31,504 [1] INFO  Quectel.Agv.Repository.SqlSugar.DbContext - select Name from sqlite_master where type='table' and name<>'sqlite_sequence' order by name;
{}
2023-08-15 21:57:31,514 [1] INFO  Quectel.Agv.Repository.SqlSugar.DbContext - select Name from sqlite_master where type='table' and name<>'sqlite_sequence' order by name;
{}
2023-08-15 21:57:31,523 [1] INFO  Quectel.Agv.Repository.SqlSugar.DbContext - select Name from sqlite_master where type='table' and name<>'sqlite_sequence' order by name;
{}
2023-08-15 21:57:31,531 [1] INFO  Quectel.Agv.Repository.SqlSugar.DbContext - select Name from sqlite_master where type='table' and name<>'sqlite_sequence' order by name;
{}
2023-08-15 21:57:31,545 [1] INFO  Quectel.Agv.Repository.SqlSugar.DbContext - select Name from sqlite_master where type='table' and name<>'sqlite_sequence' order by name;
{}
2023-08-15 21:57:31,561 [1] INFO  Quectel.Agv.Repository.SqlSugar.DbContext - select Name from sqlite_master where type='table' and name<>'sqlite_sequence' order by name;
{}
2023-08-15 21:57:31,568 [1] INFO  Quectel.Agv.Repository.SqlSugar.DbContext - select Name from sqlite_master where type='table' and name<>'sqlite_sequence' order by name;
{}
2023-08-15 21:57:31,588 [1] INFO  Quectel.Agv.App - 进入系统!
2023-08-15 21:57:31,655 [1] INFO  Quectel.Agv.Service.UserInfoService - select Name from sqlite_master where type='table' and name<>'sqlite_sequence' order by name;
{}
2023-08-15 22:05:02,406 [1] INFO  Quectel.Agv.Repository.SqlSugar.DbContext - select Name from sqlite_master where type='table' and name<>'sqlite_sequence' order by name;
{}
2023-08-15 22:05:02,550 [1] INFO  Quectel.Agv.Repository.SqlSugar.DbContext - select Name from sqlite_master where type='table' and name<>'sqlite_sequence' order by name;
{}
2023-08-15 22:05:02,565 [1] INFO  Quectel.Agv.Repository.SqlSugar.DbContext - select Name from sqlite_master where type='table' and name<>'sqlite_sequence' order by name;
{}
2023-08-15 22:05:02,570 [1] INFO  Quectel.Agv.Repository.SqlSugar.DbContext - select Name from sqlite_master where type='table' and name<>'sqlite_sequence' order by name;
{}
2023-08-15 22:05:02,584 [1] INFO  Quectel.Agv.Repository.SqlSugar.DbContext - select Name from sqlite_master where type='table' and name<>'sqlite_sequence' order by name;
{}
2023-08-15 22:05:02,597 [1] INFO  Quectel.Agv.Repository.SqlSugar.DbContext - select Name from sqlite_master where type='table' and name<>'sqlite_sequence' order by name;
{}
2023-08-15 22:05:02,601 [1] INFO  Quectel.Agv.Repository.SqlSugar.DbContext - select Name from sqlite_master where type='table' and name<>'sqlite_sequence' order by name;
{}
2023-08-15 22:05:02,607 [1] INFO  Quectel.Agv.Repository.SqlSugar.DbContext - select Name from sqlite_master where type='table' and name<>'sqlite_sequence' order by name;
{}
2023-08-15 22:05:02,613 [1] INFO  Quectel.Agv.Repository.SqlSugar.DbContext - select Name from sqlite_master where type='table' and name<>'sqlite_sequence' order by name;
{}
2023-08-15 22:05:02,629 [1] INFO  Quectel.Agv.App - 进入系统!
2023-08-15 22:05:02,677 [1] INFO  Quectel.Agv.Service.UserInfoService - select Name from sqlite_master where type='table' and name<>'sqlite_sequence' order by name;
{}
2023-08-15 22:07:03,215 [1] INFO  Quectel.Agv.Repository.SqlSugar.DbContext - select Name from sqlite_master where type='table' and name<>'sqlite_sequence' order by name;
{}
2023-08-15 22:07:03,292 [1] INFO  Quectel.Agv.Repository.SqlSugar.DbContext - select Name from sqlite_master where type='table' and name<>'sqlite_sequence' order by name;
{}
2023-08-15 22:07:03,295 [1] INFO  Quectel.Agv.Repository.SqlSugar.DbContext - select Name from sqlite_master where type='table' and name<>'sqlite_sequence' order by name;
{}
2023-08-15 22:07:03,298 [1] INFO  Quectel.Agv.Repository.SqlSugar.DbContext - select Name from sqlite_master where type='table' and name<>'sqlite_sequence' order by name;
{}
2023-08-15 22:07:03,302 [1] INFO  Quectel.Agv.Repository.SqlSugar.DbContext - select Name from sqlite_master where type='table' and name<>'sqlite_sequence' order by name;
{}
2023-08-15 22:07:03,305 [1] INFO  Quectel.Agv.Repository.SqlSugar.DbContext - select Name from sqlite_master where type='table' and name<>'sqlite_sequence' order by name;
{}
2023-08-15 22:07:03,308 [1] INFO  Quectel.Agv.Repository.SqlSugar.DbContext - select Name from sqlite_master where type='table' and name<>'sqlite_sequence' order by name;
{}
2023-08-15 22:07:03,311 [1] INFO  Quectel.Agv.Repository.SqlSugar.DbContext - select Name from sqlite_master where type='table' and name<>'sqlite_sequence' order by name;
{}
2023-08-15 22:07:03,314 [1] INFO  Quectel.Agv.Repository.SqlSugar.DbContext - select Name from sqlite_master where type='table' and name<>'sqlite_sequence' order by name;
{}
2023-08-15 22:07:03,324 [1] INFO  Quectel.Agv.App - 进入系统!
2023-08-15 22:07:03,371 [1] INFO  Quectel.Agv.Service.UserInfoService - select Name from sqlite_master where type='table' and name<>'sqlite_sequence' order by name;
{}
2023-08-15 22:07:30,468 [1] INFO  Quectel.Agv.Repository.SqlSugar.DbContext - select Name from sqlite_master where type='table' and name<>'sqlite_sequence' order by name;
{}
2023-08-15 22:07:30,549 [1] INFO  Quectel.Agv.Repository.SqlSugar.DbContext - select Name from sqlite_master where type='table' and name<>'sqlite_sequence' order by name;
{}
2023-08-15 22:07:30,552 [1] INFO  Quectel.Agv.Repository.SqlSugar.DbContext - select Name from sqlite_master where type='table' and name<>'sqlite_sequence' order by name;
{}
2023-08-15 22:07:30,555 [1] INFO  Quectel.Agv.Repository.SqlSugar.DbContext - select Name from sqlite_master where type='table' and name<>'sqlite_sequence' order by name;
{}
2023-08-15 22:07:30,559 [1] INFO  Quectel.Agv.Repository.SqlSugar.DbContext - select Name from sqlite_master where type='table' and name<>'sqlite_sequence' order by name;
{}
2023-08-15 22:07:30,562 [1] INFO  Quectel.Agv.Repository.SqlSugar.DbContext - select Name from sqlite_master where type='table' and name<>'sqlite_sequence' order by name;
{}
2023-08-15 22:07:30,564 [1] INFO  Quectel.Agv.Repository.SqlSugar.DbContext - select Name from sqlite_master where type='table' and name<>'sqlite_sequence' order by name;
{}
2023-08-15 22:07:30,567 [1] INFO  Quectel.Agv.Repository.SqlSugar.DbContext - select Name from sqlite_master where type='table' and name<>'sqlite_sequence' order by name;
{}
2023-08-15 22:07:30,570 [1] INFO  Quectel.Agv.Repository.SqlSugar.DbContext - select Name from sqlite_master where type='table' and name<>'sqlite_sequence' order by name;
{}
2023-08-15 22:07:30,580 [1] INFO  Quectel.Agv.App - 进入系统!
2023-08-15 22:07:30,625 [1] INFO  Quectel.Agv.Service.UserInfoService - select Name from sqlite_master where type='table' and name<>'sqlite_sequence' order by name;
{}
2023-08-15 22:13:38,029 [1] INFO  Quectel.Agv.Repository.SqlSugar.DbContext - select Name from sqlite_master where type='table' and name<>'sqlite_sequence' order by name;
{}
2023-08-15 22:13:38,185 [1] INFO  Quectel.Agv.Repository.SqlSugar.DbContext - select Name from sqlite_master where type='table' and name<>'sqlite_sequence' order by name;
{}
2023-08-15 22:13:38,191 [1] INFO  Quectel.Agv.Repository.SqlSugar.DbContext - select Name from sqlite_master where type='table' and name<>'sqlite_sequence' order by name;
{}
2023-08-15 22:13:38,195 [1] INFO  Quectel.Agv.Repository.SqlSugar.DbContext - select Name from sqlite_master where type='table' and name<>'sqlite_sequence' order by name;
{}
2023-08-15 22:13:38,199 [1] INFO  Quectel.Agv.Repository.SqlSugar.DbContext - select Name from sqlite_master where type='table' and name<>'sqlite_sequence' order by name;
{}
2023-08-15 22:13:38,206 [1] INFO  Quectel.Agv.Repository.SqlSugar.DbContext - select Name from sqlite_master where type='table' and name<>'sqlite_sequence' order by name;
{}
2023-08-15 22:13:38,212 [1] INFO  Quectel.Agv.Repository.SqlSugar.DbContext - select Name from sqlite_master where type='table' and name<>'sqlite_sequence' order by name;
{}
2023-08-15 22:13:38,218 [1] INFO  Quectel.Agv.Repository.SqlSugar.DbContext - select Name from sqlite_master where type='table' and name<>'sqlite_sequence' order by name;
{}
2023-08-15 22:13:38,223 [1] INFO  Quectel.Agv.Repository.SqlSugar.DbContext - select Name from sqlite_master where type='table' and name<>'sqlite_sequence' order by name;
{}
2023-08-15 22:13:38,235 [1] INFO  Quectel.Agv.App - 进入系统!
2023-08-15 22:13:38,277 [1] INFO  Quectel.Agv.Service.UserInfoService - select Name from sqlite_master where type='table' and name<>'sqlite_sequence' order by name;
{}
2023-08-15 22:15:45,040 [1] INFO  Quectel.Agv.Repository.SqlSugar.DbContext - select Name from sqlite_master where type='table' and name<>'sqlite_sequence' order by name;
{}
2023-08-15 22:15:45,186 [1] INFO  Quectel.Agv.Repository.SqlSugar.DbContext - select Name from sqlite_master where type='table' and name<>'sqlite_sequence' order by name;
{}
2023-08-15 22:15:45,192 [1] INFO  Quectel.Agv.Repository.SqlSugar.DbContext - select Name from sqlite_master where type='table' and name<>'sqlite_sequence' order by name;
{}
2023-08-15 22:15:45,199 [1] INFO  Quectel.Agv.Repository.SqlSugar.DbContext - select Name from sqlite_master where type='table' and name<>'sqlite_sequence' order by name;
{}
2023-08-15 22:15:45,205 [1] INFO  Quectel.Agv.Repository.SqlSugar.DbContext - select Name from sqlite_master where type='table' and name<>'sqlite_sequence' order by name;
{}
2023-08-15 22:15:45,209 [1] INFO  Quectel.Agv.Repository.SqlSugar.DbContext - select Name from sqlite_master where type='table' and name<>'sqlite_sequence' order by name;
{}
2023-08-15 22:15:45,213 [1] INFO  Quectel.Agv.Repository.SqlSugar.DbContext - select Name from sqlite_master where type='table' and name<>'sqlite_sequence' order by name;
{}
2023-08-15 22:15:45,217 [1] INFO  Quectel.Agv.Repository.SqlSugar.DbContext - select Name from sqlite_master where type='table' and name<>'sqlite_sequence' order by name;
{}
2023-08-15 22:15:45,222 [1] INFO  Quectel.Agv.Repository.SqlSugar.DbContext - select Name from sqlite_master where type='table' and name<>'sqlite_sequence' order by name;
{}
2023-08-15 22:15:45,232 [1] INFO  Quectel.Agv.App - 进入系统!
2023-08-15 22:15:45,285 [1] INFO  Quectel.Agv.Service.UserInfoService - select Name from sqlite_master where type='table' and name<>'sqlite_sequence' order by name;
{}
2023-08-15 22:16:53,998 [1] INFO  Quectel.Agv.Repository.SqlSugar.DbContext - select Name from sqlite_master where type='table' and name<>'sqlite_sequence' order by name;
{}
2023-08-15 22:16:54,083 [1] INFO  Quectel.Agv.Repository.SqlSugar.DbContext - select Name from sqlite_master where type='table' and name<>'sqlite_sequence' order by name;
{}
2023-08-15 22:16:54,087 [1] INFO  Quectel.Agv.Repository.SqlSugar.DbContext - select Name from sqlite_master where type='table' and name<>'sqlite_sequence' order by name;
{}
2023-08-15 22:16:54,091 [1] INFO  Quectel.Agv.Repository.SqlSugar.DbContext - select Name from sqlite_master where type='table' and name<>'sqlite_sequence' order by name;
{}
2023-08-15 22:16:54,096 [1] INFO  Quectel.Agv.Repository.SqlSugar.DbContext - select Name from sqlite_master where type='table' and name<>'sqlite_sequence' order by name;
{}
2023-08-15 22:16:54,100 [1] INFO  Quectel.Agv.Repository.SqlSugar.DbContext - select Name from sqlite_master where type='table' and name<>'sqlite_sequence' order by name;
{}
2023-08-15 22:16:54,103 [1] INFO  Quectel.Agv.Repository.SqlSugar.DbContext - select Name from sqlite_master where type='table' and name<>'sqlite_sequence' order by name;
{}
2023-08-15 22:16:54,106 [1] INFO  Quectel.Agv.Repository.SqlSugar.DbContext - select Name from sqlite_master where type='table' and name<>'sqlite_sequence' order by name;
{}
2023-08-15 22:16:54,109 [1] INFO  Quectel.Agv.Repository.SqlSugar.DbContext - select Name from sqlite_master where type='table' and name<>'sqlite_sequence' order by name;
{}
2023-08-15 22:16:54,118 [1] INFO  Quectel.Agv.App - 进入系统!
2023-08-15 22:16:54,160 [1] INFO  Quectel.Agv.Service.UserInfoService - select Name from sqlite_master where type='table' and name<>'sqlite_sequence' order by name;
{}
2023-08-15 22:37:40,404 [1] INFO  Quectel.Agv.Repository.SqlSugar.DbContext - select Name from sqlite_master where type='table' and name<>'sqlite_sequence' order by name;
{}
2023-08-15 22:37:40,500 [1] INFO  Quectel.Agv.Repository.SqlSugar.DbContext - select Name from sqlite_master where type='table' and name<>'sqlite_sequence' order by name;
{}
2023-08-15 22:37:40,506 [1] INFO  Quectel.Agv.Repository.SqlSugar.DbContext - select Name from sqlite_master where type='table' and name<>'sqlite_sequence' order by name;
{}
2023-08-15 22:37:40,516 [1] INFO  Quectel.Agv.Repository.SqlSugar.DbContext - select Name from sqlite_master where type='table' and name<>'sqlite_sequence' order by name;
{}
2023-08-15 22:37:40,526 [1] INFO  Quectel.Agv.Repository.SqlSugar.DbContext - select Name from sqlite_master where type='table' and name<>'sqlite_sequence' order by name;
{}
2023-08-15 22:37:40,534 [1] INFO  Quectel.Agv.Repository.SqlSugar.DbContext - select Name from sqlite_master where type='table' and name<>'sqlite_sequence' order by name;
{}
2023-08-15 22:37:40,541 [1] INFO  Quectel.Agv.Repository.SqlSugar.DbContext - select Name from sqlite_master where type='table' and name<>'sqlite_sequence' order by name;
{}
2023-08-15 22:37:40,548 [1] INFO  Quectel.Agv.Repository.SqlSugar.DbContext - select Name from sqlite_master where type='table' and name<>'sqlite_sequence' order by name;
{}
2023-08-15 22:37:40,556 [1] INFO  Quectel.Agv.Repository.SqlSugar.DbContext - select Name from sqlite_master where type='table' and name<>'sqlite_sequence' order by name;
{}
2023-08-15 22:37:40,577 [1] INFO  Quectel.Agv.App - 进入系统!
2023-08-15 22:37:40,665 [1] INFO  Quectel.Agv.Service.UserInfoService - select Name from sqlite_master where type='table' and name<>'sqlite_sequence' order by name;
{}
2023-08-15 22:45:01,670 [1] INFO  Quectel.Agv.Repository.SqlSugar.DbContext - select Name from sqlite_master where type='table' and name<>'sqlite_sequence' order by name;
{}
2023-08-15 22:45:01,756 [1] INFO  Quectel.Agv.Repository.SqlSugar.DbContext - select Name from sqlite_master where type='table' and name<>'sqlite_sequence' order by name;
{}
2023-08-15 22:45:01,760 [1] INFO  Quectel.Agv.Repository.SqlSugar.DbContext - select Name from sqlite_master where type='table' and name<>'sqlite_sequence' order by name;
{}
2023-08-15 22:45:01,764 [1] INFO  Quectel.Agv.Repository.SqlSugar.DbContext - select Name from sqlite_master where type='table' and name<>'sqlite_sequence' order by name;
{}
2023-08-15 22:45:01,768 [1] INFO  Quectel.Agv.Repository.SqlSugar.DbContext - select Name from sqlite_master where type='table' and name<>'sqlite_sequence' order by name;
{}
2023-08-15 22:45:01,773 [1] INFO  Quectel.Agv.Repository.SqlSugar.DbContext - select Name from sqlite_master where type='table' and name<>'sqlite_sequence' order by name;
{}
2023-08-15 22:45:01,778 [1] INFO  Quectel.Agv.Repository.SqlSugar.DbContext - select Name from sqlite_master where type='table' and name<>'sqlite_sequence' order by name;
{}
2023-08-15 22:45:01,783 [1] INFO  Quectel.Agv.Repository.SqlSugar.DbContext - select Name from sqlite_master where type='table' and name<>'sqlite_sequence' order by name;
{}
2023-08-15 22:45:01,788 [1] INFO  Quectel.Agv.Repository.SqlSugar.DbContext - select Name from sqlite_master where type='table' and name<>'sqlite_sequence' order by name;
{}
2023-08-15 22:45:01,802 [1] INFO  Quectel.Agv.App - 进入系统!
2023-08-15 22:45:03,995 [1] INFO  Quectel.Agv.Service.UserInfoService - select Name from sqlite_master where type='table' and name<>'sqlite_sequence' order by name;
{}
2023-08-15 22:45:25,380 [1] INFO  Quectel.Agv.Repository.SqlSugar.DbContext - select Name from sqlite_master where type='table' and name<>'sqlite_sequence' order by name;
{}
2023-08-15 22:45:25,511 [1] INFO  Quectel.Agv.Repository.SqlSugar.DbContext - select Name from sqlite_master where type='table' and name<>'sqlite_sequence' order by name;
{}
2023-08-15 22:45:25,515 [1] INFO  Quectel.Agv.Repository.SqlSugar.DbContext - select Name from sqlite_master where type='table' and name<>'sqlite_sequence' order by name;
{}
2023-08-15 22:45:25,520 [1] INFO  Quectel.Agv.Repository.SqlSugar.DbContext - select Name from sqlite_master where type='table' and name<>'sqlite_sequence' order by name;
{}
2023-08-15 22:45:25,524 [1] INFO  Quectel.Agv.Repository.SqlSugar.DbContext - select Name from sqlite_master where type='table' and name<>'sqlite_sequence' order by name;
{}
2023-08-15 22:45:25,529 [1] INFO  Quectel.Agv.Repository.SqlSugar.DbContext - select Name from sqlite_master where type='table' and name<>'sqlite_sequence' order by name;
{}
2023-08-15 22:45:25,531 [1] INFO  Quectel.Agv.Repository.SqlSugar.DbContext - select Name from sqlite_master where type='table' and name<>'sqlite_sequence' order by name;
{}
2023-08-15 22:45:25,535 [1] INFO  Quectel.Agv.Repository.SqlSugar.DbContext - select Name from sqlite_master where type='table' and name<>'sqlite_sequence' order by name;
{}
2023-08-15 22:45:25,538 [1] INFO  Quectel.Agv.Repository.SqlSugar.DbContext - select Name from sqlite_master where type='table' and name<>'sqlite_sequence' order by name;
{}
2023-08-15 22:45:25,554 [1] INFO  Quectel.Agv.App - 进入系统!
2023-08-15 22:45:27,088 [1] INFO  Quectel.Agv.Service.UserInfoService - select Name from sqlite_master where type='table' and name<>'sqlite_sequence' order by name;
{}
2023-08-15 22:45:57,165 [1] INFO  Quectel.Agv.Repository.SqlSugar.DbContext - select Name from sqlite_master where type='table' and name<>'sqlite_sequence' order by name;
{}
2023-08-15 22:45:57,272 [1] INFO  Quectel.Agv.Repository.SqlSugar.DbContext - select Name from sqlite_master where type='table' and name<>'sqlite_sequence' order by name;
{}
2023-08-15 22:45:57,275 [1] INFO  Quectel.Agv.Repository.SqlSugar.DbContext - select Name from sqlite_master where type='table' and name<>'sqlite_sequence' order by name;
{}
2023-08-15 22:45:57,279 [1] INFO  Quectel.Agv.Repository.SqlSugar.DbContext - select Name from sqlite_master where type='table' and name<>'sqlite_sequence' order by name;
{}
2023-08-15 22:45:57,283 [1] INFO  Quectel.Agv.Repository.SqlSugar.DbContext - select Name from sqlite_master where type='table' and name<>'sqlite_sequence' order by name;
{}
2023-08-15 22:45:57,287 [1] INFO  Quectel.Agv.Repository.SqlSugar.DbContext - select Name from sqlite_master where type='table' and name<>'sqlite_sequence' order by name;
{}
2023-08-15 22:45:57,290 [1] INFO  Quectel.Agv.Repository.SqlSugar.DbContext - select Name from sqlite_master where type='table' and name<>'sqlite_sequence' order by name;
{}
2023-08-15 22:45:57,296 [1] INFO  Quectel.Agv.Repository.SqlSugar.DbContext - select Name from sqlite_master where type='table' and name<>'sqlite_sequence' order by name;
{}
2023-08-15 22:45:57,301 [1] INFO  Quectel.Agv.Repository.SqlSugar.DbContext - select Name from sqlite_master where type='table' and name<>'sqlite_sequence' order by name;
{}
2023-08-15 22:45:57,313 [1] INFO  Quectel.Agv.App - 进入系统!
2023-08-15 22:45:58,891 [1] INFO  Quectel.Agv.Service.UserInfoService - select Name from sqlite_master where type='table' and name<>'sqlite_sequence' order by name;
{}
2023-08-15 22:47:48,316 [1] INFO  Quectel.Agv.Repository.SqlSugar.DbContext - select Name from sqlite_master where type='table' and name<>'sqlite_sequence' order by name;
{}
2023-08-15 22:47:48,411 [1] INFO  Quectel.Agv.Repository.SqlSugar.DbContext - select Name from sqlite_master where type='table' and name<>'sqlite_sequence' order by name;
{}
2023-08-15 22:47:48,415 [1] INFO  Quectel.Agv.Repository.SqlSugar.DbContext - select Name from sqlite_master where type='table' and name<>'sqlite_sequence' order by name;
{}
2023-08-15 22:47:48,419 [1] INFO  Quectel.Agv.Repository.SqlSugar.DbContext - select Name from sqlite_master where type='table' and name<>'sqlite_sequence' order by name;
{}
2023-08-15 22:47:48,425 [1] INFO  Quectel.Agv.Repository.SqlSugar.DbContext - select Name from sqlite_master where type='table' and name<>'sqlite_sequence' order by name;
{}
2023-08-15 22:47:48,429 [1] INFO  Quectel.Agv.Repository.SqlSugar.DbContext - select Name from sqlite_master where type='table' and name<>'sqlite_sequence' order by name;
{}
2023-08-15 22:47:48,432 [1] INFO  Quectel.Agv.Repository.SqlSugar.DbContext - select Name from sqlite_master where type='table' and name<>'sqlite_sequence' order by name;
{}
2023-08-15 22:47:48,436 [1] INFO  Quectel.Agv.Repository.SqlSugar.DbContext - select Name from sqlite_master where type='table' and name<>'sqlite_sequence' order by name;
{}
2023-08-15 22:47:48,439 [1] INFO  Quectel.Agv.Repository.SqlSugar.DbContext - select Name from sqlite_master where type='table' and name<>'sqlite_sequence' order by name;
{}
2023-08-15 22:47:48,454 [1] INFO  Quectel.Agv.App - 进入系统!
2023-08-15 22:47:48,507 [1] INFO  Quectel.Agv.Service.UserInfoService - select Name from sqlite_master where type='table' and name<>'sqlite_sequence' order by name;
{}
2023-08-15 22:48:40,150 [1] INFO  Quectel.Agv.Repository.SqlSugar.DbContext - select Name from sqlite_master where type='table' and name<>'sqlite_sequence' order by name;
{}
2023-08-15 22:48:40,235 [1] INFO  Quectel.Agv.Repository.SqlSugar.DbContext - select Name from sqlite_master where type='table' and name<>'sqlite_sequence' order by name;
{}
2023-08-15 22:48:40,238 [1] INFO  Quectel.Agv.Repository.SqlSugar.DbContext - select Name from sqlite_master where type='table' and name<>'sqlite_sequence' order by name;
{}
2023-08-15 22:48:40,243 [1] INFO  Quectel.Agv.Repository.SqlSugar.DbContext - select Name from sqlite_master where type='table' and name<>'sqlite_sequence' order by name;
{}
2023-08-15 22:48:40,248 [1] INFO  Quectel.Agv.Repository.SqlSugar.DbContext - select Name from sqlite_master where type='table' and name<>'sqlite_sequence' order by name;
{}
2023-08-15 22:48:40,253 [1] INFO  Quectel.Agv.Repository.SqlSugar.DbContext - select Name from sqlite_master where type='table' and name<>'sqlite_sequence' order by name;
{}
2023-08-15 22:48:40,257 [1] INFO  Quectel.Agv.Repository.SqlSugar.DbContext - select Name from sqlite_master where type='table' and name<>'sqlite_sequence' order by name;
{}
2023-08-15 22:48:40,262 [1] INFO  Quectel.Agv.Repository.SqlSugar.DbContext - select Name from sqlite_master where type='table' and name<>'sqlite_sequence' order by name;
{}
2023-08-15 22:48:40,266 [1] INFO  Quectel.Agv.Repository.SqlSugar.DbContext - select Name from sqlite_master where type='table' and name<>'sqlite_sequence' order by name;
{}
2023-08-15 22:48:40,282 [1] INFO  Quectel.Agv.App - 进入系统!
2023-08-15 22:48:40,337 [1] INFO  Quectel.Agv.Service.UserInfoService - select Name from sqlite_master where type='table' and name<>'sqlite_sequence' order by name;
{}
2023-08-15 22:53:53,603 [1] INFO  Quectel.Agv.Repository.SqlSugar.DbContext - select Name from sqlite_master where type='table' and name<>'sqlite_sequence' order by name;
{}
2023-08-15 22:53:53,740 [1] INFO  Quectel.Agv.Repository.SqlSugar.DbContext - select Name from sqlite_master where type='table' and name<>'sqlite_sequence' order by name;
{}
2023-08-15 22:53:53,747 [1] INFO  Quectel.Agv.Repository.SqlSugar.DbContext - select Name from sqlite_master where type='table' and name<>'sqlite_sequence' order by name;
{}
2023-08-15 22:53:53,765 [1] INFO  Quectel.Agv.Repository.SqlSugar.DbContext - select Name from sqlite_master where type='table' and name<>'sqlite_sequence' order by name;
{}
2023-08-15 22:53:53,772 [1] INFO  Quectel.Agv.Repository.SqlSugar.DbContext - select Name from sqlite_master where type='table' and name<>'sqlite_sequence' order by name;
{}
2023-08-15 22:53:53,779 [1] INFO  Quectel.Agv.Repository.SqlSugar.DbContext - select Name from sqlite_master where type='table' and name<>'sqlite_sequence' order by name;
{}
2023-08-15 22:53:53,783 [1] INFO  Quectel.Agv.Repository.SqlSugar.DbContext - select Name from sqlite_master where type='table' and name<>'sqlite_sequence' order by name;
{}
2023-08-15 22:53:53,791 [1] INFO  Quectel.Agv.Repository.SqlSugar.DbContext - select Name from sqlite_master where type='table' and name<>'sqlite_sequence' order by name;
{}
2023-08-15 22:53:53,799 [1] INFO  Quectel.Agv.Repository.SqlSugar.DbContext - select Name from sqlite_master where type='table' and name<>'sqlite_sequence' order by name;
{}
2023-08-15 22:53:53,816 [1] INFO  Quectel.Agv.App - 进入系统!
2023-08-15 22:53:53,886 [1] INFO  Quectel.Agv.Service.UserInfoService - select Name from sqlite_master where type='table' and name<>'sqlite_sequence' order by name;
{}
2023-08-15 23:00:23,908 [1] INFO  Quectel.Agv.Repository.SqlSugar.DbContext - select Name from sqlite_master where type='table' and name<>'sqlite_sequence' order by name;
{}
2023-08-15 23:00:24,082 [1] INFO  Quectel.Agv.Repository.SqlSugar.DbContext - select Name from sqlite_master where type='table' and name<>'sqlite_sequence' order by name;
{}
2023-08-15 23:00:24,085 [1] INFO  Quectel.Agv.Repository.SqlSugar.DbContext - select Name from sqlite_master where type='table' and name<>'sqlite_sequence' order by name;
{}
2023-08-15 23:00:24,091 [1] INFO  Quectel.Agv.Repository.SqlSugar.DbContext - select Name from sqlite_master where type='table' and name<>'sqlite_sequence' order by name;
{}
2023-08-15 23:00:24,098 [1] INFO  Quectel.Agv.Repository.SqlSugar.DbContext - select Name from sqlite_master where type='table' and name<>'sqlite_sequence' order by name;
{}
2023-08-15 23:00:24,106 [1] INFO  Quectel.Agv.Repository.SqlSugar.DbContext - select Name from sqlite_master where type='table' and name<>'sqlite_sequence' order by name;
{}
2023-08-15 23:00:24,110 [1] INFO  Quectel.Agv.Repository.SqlSugar.DbContext - select Name from sqlite_master where type='table' and name<>'sqlite_sequence' order by name;
{}
2023-08-15 23:00:24,116 [1] INFO  Quectel.Agv.Repository.SqlSugar.DbContext - select Name from sqlite_master where type='table' and name<>'sqlite_sequence' order by name;
{}
2023-08-15 23:00:24,123 [1] INFO  Quectel.Agv.Repository.SqlSugar.DbContext - select Name from sqlite_master where type='table' and name<>'sqlite_sequence' order by name;
{}
2023-08-15 23:00:24,146 [1] INFO  Quectel.Agv.App - 进入系统!
2023-08-15 23:00:24,215 [1] INFO  Quectel.Agv.Service.UserInfoService - select Name from sqlite_master where type='table' and name<>'sqlite_sequence' order by name;
{}
2023-08-15 23:01:05,081 [1] INFO  Quectel.Agv.Repository.SqlSugar.DbContext - select Name from sqlite_master where type='table' and name<>'sqlite_sequence' order by name;
{}
2023-08-15 23:01:05,244 [1] INFO  Quectel.Agv.Repository.SqlSugar.DbContext - select Name from sqlite_master where type='table' and name<>'sqlite_sequence' order by name;
{}
2023-08-15 23:01:05,249 [1] INFO  Quectel.Agv.Repository.SqlSugar.DbContext - select Name from sqlite_master where type='table' and name<>'sqlite_sequence' order by name;
{}
2023-08-15 23:01:05,255 [1] INFO  Quectel.Agv.Repository.SqlSugar.DbContext - select Name from sqlite_master where type='table' and name<>'sqlite_sequence' order by name;
{}
2023-08-15 23:01:05,265 [1] INFO  Quectel.Agv.Repository.SqlSugar.DbContext - select Name from sqlite_master where type='table' and name<>'sqlite_sequence' order by name;
{}
2023-08-15 23:01:05,271 [1] INFO  Quectel.Agv.Repository.SqlSugar.DbContext - select Name from sqlite_master where type='table' and name<>'sqlite_sequence' order by name;
{}
2023-08-15 23:01:05,276 [1] INFO  Quectel.Agv.Repository.SqlSugar.DbContext - select Name from sqlite_master where type='table' and name<>'sqlite_sequence' order by name;
{}
2023-08-15 23:01:05,281 [1] INFO  Quectel.Agv.Repository.SqlSugar.DbContext - select Name from sqlite_master where type='table' and name<>'sqlite_sequence' order by name;
{}
2023-08-15 23:01:05,287 [1] INFO  Quectel.Agv.Repository.SqlSugar.DbContext - select Name from sqlite_master where type='table' and name<>'sqlite_sequence' order by name;
{}
2023-08-15 23:01:05,304 [1] INFO  Quectel.Agv.App - 进入系统!
2023-08-15 23:01:05,377 [1] INFO  Quectel.Agv.Service.UserInfoService - select Name from sqlite_master where type='table' and name<>'sqlite_sequence' order by name;
{}
